::1 - - [09/Apr/2024:17:56:11 +0000] "GET /v1/view-registered-course?user_id=1 HTTP/1.1" 201 770 "-" "PostmanRuntime/7.37.3"
::1 - - [09/Apr/2024:17:56:30 +0000] "GET /v1/view-registered-course?user_id=1 HTTP/1.1" 201 770 "-" "PostmanRuntime/7.37.3"
::1 - - [09/Apr/2024:17:56:32 +0000] "POST /v1/register-course HTTP/1.1" 400 85 "-" "PostmanRuntime/7.37.3"
::1 - - [09/Apr/2024:17:56:36 +0000] "POST /v1/register-course HTTP/1.1" 400 85 "-" "PostmanRuntime/7.37.3"
::1 - - [09/Apr/2024:17:57:42 +0000] "POST /v1/register-course HTTP/1.1" 400 85 "-" "PostmanRuntime/7.37.3"
::1 - - [09/Apr/2024:17:57:51 +0000] "GET /v1/view-registered-course?user_id=1 HTTP/1.1" 201 770 "-" "PostmanRuntime/7.37.3"
::1 - - [09/Apr/2024:18:43:46 +0000] "POST /v1/register-course HTTP/1.1" 400 85 "-" "PostmanRuntime/7.37.3"
::1 - - [09/Apr/2024:18:43:50 +0000] "POST /v1/register-course HTTP/1.1" 201 130 "-" "PostmanRuntime/7.37.3"
::1 - - [09/Apr/2024:18:45:14 +0000] "POST /v1/register-course HTTP/1.1" 400 65 "-" "PostmanRuntime/7.37.3"
::1 - - [09/Apr/2024:18:45:21 +0000] "POST /v1/register-user HTTP/1.1" 400 86 "-" "PostmanRuntime/7.37.3"
::1 - - [09/Apr/2024:18:45:25 +0000] "POST /v1/register-user HTTP/1.1" 201 157 "-" "PostmanRuntime/7.37.3"
::1 - - [09/Apr/2024:18:45:35 +0000] "POST /v1/register-course HTTP/1.1" 201 130 "-" "PostmanRuntime/7.37.3"
::1 - - [09/Apr/2024:18:46:17 +0000] "POST /v1/register-course HTTP/1.1" 400 85 "-" "PostmanRuntime/7.37.3"
::1 - - [09/Apr/2024:18:46:52 +0000] "POST /v1/register-course HTTP/1.1" 400 85 "-" "PostmanRuntime/7.37.3"
::1 - - [09/Apr/2024:18:46:56 +0000] "POST /v1/register-course HTTP/1.1" 400 85 "-" "PostmanRuntime/7.37.3"
::1 - - [09/Apr/2024:18:47:48 +0000] "POST /v1/register-course HTTP/1.1" 400 85 "-" "PostmanRuntime/7.37.3"
::1 - - [10/Apr/2024:06:26:08 +0000] "POST /v1/createaccount HTTP/1.1" 400 64 "-" "PostmanRuntime/7.37.3"
::1 - - [10/Apr/2024:06:26:38 +0000] "POST /v1/createaccount HTTP/1.1" 400 64 "-" "PostmanRuntime/7.37.3"
::1 - - [10/Apr/2024:06:27:14 +0000] "POST /v1/createaccount HTTP/1.1" 500 74 "-" "PostmanRuntime/7.37.3"
::1 - - [10/Apr/2024:06:27:29 +0000] "POST /v1/createaccount HTTP/1.1" 500 74 "-" "PostmanRuntime/7.37.3"
::1 - - [10/Apr/2024:06:28:51 +0000] "POST /v1/createaccount HTTP/1.1" 500 74 "-" "PostmanRuntime/7.37.3"
::1 - - [10/Apr/2024:06:29:00 +0000] "POST /v1/createaccount HTTP/1.1" 500 74 "-" "PostmanRuntime/7.37.3"
::1 - - [10/Apr/2024:06:29:15 +0000] "POST /v1/createaccount HTTP/1.1" 201 205 "-" "PostmanRuntime/7.37.3"
::1 - - [10/Apr/2024:06:29:19 +0000] "POST /v1/createaccount HTTP/1.1" 400 64 "-" "PostmanRuntime/7.37.3"
::1 - - [10/Apr/2024:06:29:26 +0000] "POST /v1/createaccount HTTP/1.1" 201 206 "-" "PostmanRuntime/7.37.3"
::1 - - [10/Apr/2024:06:40:17 +0000] "POST /v1/createaccount HTTP/1.1" 201 206 "-" "PostmanRuntime/7.37.3"
::1 - - [10/Apr/2024:06:40:18 +0000] "POST /v1/createaccount HTTP/1.1" 400 64 "-" "PostmanRuntime/7.37.3"
::1 - - [10/Apr/2024:06:44:55 +0000] "POST /v1/user/login HTTP/1.1" 500 59 "-" "PostmanRuntime/7.37.3"
::1 - - [10/Apr/2024:06:47:58 +0000] "POST /v1/user/login HTTP/1.1" 500 55 "-" "PostmanRuntime/7.37.3"
::1 - - [10/Apr/2024:06:48:20 +0000] "POST /v1/user/login HTTP/1.1" 500 55 "-" "PostmanRuntime/7.37.3"
::1 - - [10/Apr/2024:06:48:21 +0000] "POST /v1/user/login HTTP/1.1" 500 55 "-" "PostmanRuntime/7.37.3"
::1 - - [10/Apr/2024:06:48:42 +0000] "POST /v1/user/login HTTP/1.1" 200 253 "-" "PostmanRuntime/7.37.3"
::1 - - [10/Apr/2024:06:48:46 +0000] "POST /v1/user/login HTTP/1.1" 200 253 "-" "PostmanRuntime/7.37.3"
::1 - - [10/Apr/2024:06:48:47 +0000] "POST /v1/user/login HTTP/1.1" 200 253 "-" "PostmanRuntime/7.37.3"
::1 - - [10/Apr/2024:06:50:15 +0000] "POST /v1/user/login HTTP/1.1" 500 72 "-" "PostmanRuntime/7.37.3"
::1 - - [10/Apr/2024:07:19:52 +0000] "POST /v1/user/register HTTP/1.1" 401 53 "-" "PostmanRuntime/7.37.3"
::1 - - [10/Apr/2024:07:25:19 +0000] "GET /v1/user-view/:+919450171279 HTTP/1.1" 200 226 "-" "PostmanRuntime/7.37.3"
::1 - - [10/Apr/2024:07:25:24 +0000] "GET /v1/user-view/:+919450171279 HTTP/1.1" 401 53 "-" "PostmanRuntime/7.37.3"
::1 - - [10/Apr/2024:07:25:27 +0000] "GET /v1/user-view/:+919450171279 HTTP/1.1" 200 226 "-" "PostmanRuntime/7.37.3"
::1 - - [10/Apr/2024:07:25:38 +0000] "PATCH /v1/update-user HTTP/1.1" 201 285 "-" "PostmanRuntime/7.37.3"
::1 - - [10/Apr/2024:07:25:39 +0000] "PATCH /v1/update-user HTTP/1.1" 201 285 "-" "PostmanRuntime/7.37.3"
::1 - - [10/Apr/2024:07:32:55 +0000] "GET /v1/course HTTP/1.1" 401 53 "-" "PostmanRuntime/7.37.3"
::1 - - [10/Apr/2024:07:33:04 +0000] "GET /v1/course HTTP/1.1" 404 148 "-" "PostmanRuntime/7.37.3"
::1 - - [10/Apr/2024:07:34:07 +0000] "GET /v1/course HTTP/1.1" 404 148 "-" "PostmanRuntime/7.37.3"
::1 - - [10/Apr/2024:07:34:08 +0000] "GET /v1/course HTTP/1.1" 404 148 "-" "PostmanRuntime/7.37.3"
::1 - - [10/Apr/2024:07:34:36 +0000] "GET /v1/course HTTP/1.1" 404 148 "-" "PostmanRuntime/7.37.3"
::1 - - [10/Apr/2024:07:34:41 +0000] "GET /v1/course HTTP/1.1" 401 53 "-" "PostmanRuntime/7.37.3"
::1 - - [10/Apr/2024:07:34:52 +0000] "GET /v1/course HTTP/1.1" 401 49 "-" "PostmanRuntime/7.37.3"
::1 - - [10/Apr/2024:07:34:57 +0000] "GET /v1/course HTTP/1.1" 401 49 "-" "PostmanRuntime/7.37.3"
::1 - - [10/Apr/2024:07:35:08 +0000] "GET /v1/course HTTP/1.1" 401 49 "-" "PostmanRuntime/7.37.3"
::1 - - [10/Apr/2024:07:36:53 +0000] "GET /v1/course HTTP/1.1" 401 49 "-" "PostmanRuntime/7.37.3"
::1 - - [10/Apr/2024:07:37:26 +0000] "GET /v1/course HTTP/1.1" 404 148 "-" "PostmanRuntime/7.37.3"
::1 - - [10/Apr/2024:07:37:31 +0000] "GET /v1/course HTTP/1.1" 404 148 "-" "PostmanRuntime/7.37.3"
::1 - - [10/Apr/2024:07:37:34 +0000] "GET /v1/course HTTP/1.1" 404 148 "-" "PostmanRuntime/7.37.3"
::1 - - [10/Apr/2024:07:38:18 +0000] "GET /v1/course HTTP/1.1" 404 148 "-" "PostmanRuntime/7.37.3"
::1 - - [10/Apr/2024:07:38:19 +0000] "GET /v1/course HTTP/1.1" 404 148 "-" "PostmanRuntime/7.37.3"
::1 - - [10/Apr/2024:07:38:20 +0000] "GET /v1/course HTTP/1.1" 404 148 "-" "PostmanRuntime/7.37.3"
::1 - - [10/Apr/2024:07:40:23 +0000] "POST /v1/register-course HTTP/1.1" 500 59 "-" "PostmanRuntime/7.37.3"
::1 - - [10/Apr/2024:07:41:43 +0000] "POST /v1/register-course HTTP/1.1" 500 59 "-" "PostmanRuntime/7.37.3"
::1 - - [10/Apr/2024:07:42:19 +0000] "POST /v1/register-course HTTP/1.1" 500 59 "-" "PostmanRuntime/7.37.3"
::1 - - [10/Apr/2024:07:42:25 +0000] "POST /v1/register-course HTTP/1.1" 500 59 "-" "PostmanRuntime/7.37.3"
::1 - - [10/Apr/2024:07:43:49 +0000] "POST /v1/register-course HTTP/1.1" 500 59 "-" "PostmanRuntime/7.37.3"
::1 - - [10/Apr/2024:07:44:13 +0000] "POST /v1/register-course HTTP/1.1" 500 59 "-" "PostmanRuntime/7.37.3"
::1 - - [10/Apr/2024:07:45:25 +0000] "POST /v1/register-course HTTP/1.1" 500 59 "-" "PostmanRuntime/7.37.3"
::1 - - [10/Apr/2024:07:45:29 +0000] "POST /v1/register-course HTTP/1.1" 500 59 "-" "PostmanRuntime/7.37.3"
::1 - - [10/Apr/2024:07:46:05 +0000] "POST /v1/register-course HTTP/1.1" 500 59 "-" "PostmanRuntime/7.37.3"
::1 - - [10/Apr/2024:07:47:42 +0000] "POST /v1/register-course HTTP/1.1" 500 59 "-" "PostmanRuntime/7.37.3"
::1 - - [10/Apr/2024:07:47:45 +0000] "POST /v1/register-course HTTP/1.1" 500 59 "-" "PostmanRuntime/7.37.3"
::1 - - [10/Apr/2024:07:48:13 +0000] "POST /v1/register-course HTTP/1.1" 500 59 "-" "PostmanRuntime/7.37.3"
::1 - - [10/Apr/2024:07:50:17 +0000] "POST /v1/register-course HTTP/1.1" 400 68 "-" "PostmanRuntime/7.37.3"
::1 - - [10/Apr/2024:07:50:18 +0000] "POST /v1/register-course HTTP/1.1" 400 68 "-" "PostmanRuntime/7.37.3"
::1 - - [10/Apr/2024:07:50:29 +0000] "POST /v1/register-course HTTP/1.1" 500 59 "-" "PostmanRuntime/7.37.3"
::1 - - [10/Apr/2024:07:50:32 +0000] "POST /v1/register-course HTTP/1.1" 500 59 "-" "PostmanRuntime/7.37.3"
::1 - - [10/Apr/2024:07:51:02 +0000] "POST /v1/register-course HTTP/1.1" 400 67 "-" "PostmanRuntime/7.37.3"
::1 - - [10/Apr/2024:07:51:06 +0000] "POST /v1/register-course HTTP/1.1" 400 67 "-" "PostmanRuntime/7.37.3"
::1 - - [10/Apr/2024:07:51:08 +0000] "POST /v1/register-course HTTP/1.1" 401 53 "-" "PostmanRuntime/7.37.3"
::1 - - [10/Apr/2024:07:51:12 +0000] "POST /v1/register-course HTTP/1.1" 400 67 "-" "PostmanRuntime/7.37.3"
::1 - - [10/Apr/2024:07:51:56 +0000] "GET /v1/view-registered-course?user_id=1 HTTP/1.1" 401 53 "-" "PostmanRuntime/7.37.3"
::1 - - [10/Apr/2024:07:52:14 +0000] "GET /v1/view-registered-course?user_id=1 HTTP/1.1" 400 66 "-" "PostmanRuntime/7.37.3"
::1 - - [10/Apr/2024:09:19:01 +0000] "GET /v1/view-registered-course?user_id=1 HTTP/1.1" 201 36 "-" "PostmanRuntime/7.37.3"
::1 - - [10/Apr/2024:09:24:58 +0000] "GET /v1/courses HTTP/1.1" 401 53 "-" "PostmanRuntime/7.37.3"
::1 - - [10/Apr/2024:09:25:59 +0000] "GET /v1/view/courses HTTP/1.1" 401 53 "-" "PostmanRuntime/7.37.3"
::1 - - [10/Apr/2024:09:30:21 +0000] "GET /v1/course HTTP/1.1" 401 53 "-" "PostmanRuntime/7.37.3"
::1 - - [10/Apr/2024:09:30:23 +0000] "GET /v1/course HTTP/1.1" 401 53 "-" "PostmanRuntime/7.37.3"
::1 - - [10/Apr/2024:09:30:24 +0000] "GET /v1/course HTTP/1.1" 401 53 "-" "PostmanRuntime/7.37.3"
::1 - - [10/Apr/2024:09:30:32 +0000] "GET /v1/view/course HTTP/1.1" 401 53 "-" "PostmanRuntime/7.37.3"
::1 - - [10/Apr/2024:09:34:00 +0000] "POST /v1/createcourses HTTP/1.1" 201 299 "-" "PostmanRuntime/7.37.3"
::1 - - [10/Apr/2024:09:34:09 +0000] "POST /v1/createcourses HTTP/1.1" 400 84 "-" "PostmanRuntime/7.37.3"
::1 - - [10/Apr/2024:09:34:13 +0000] "POST /v1/createcourses HTTP/1.1" 201 300 "-" "PostmanRuntime/7.37.3"
::1 - - [10/Apr/2024:09:34:17 +0000] "POST /v1/createcourses HTTP/1.1" 201 299 "-" "PostmanRuntime/7.37.3"
::1 - - [10/Apr/2024:09:34:26 +0000] "POST /v1/createcourses HTTP/1.1" 201 299 "-" "PostmanRuntime/7.37.3"
::1 - - [10/Apr/2024:09:35:02 +0000] "PATCH /v1/update-course/Nodejs HTTP/1.1" 401 53 "-" "PostmanRuntime/7.37.3"
::1 - - [10/Apr/2024:09:35:18 +0000] "PATCH /v1/update-course/Nodejs HTTP/1.1" 400 67 "-" "PostmanRuntime/7.37.3"
::1 - - [10/Apr/2024:09:35:31 +0000] "PATCH /v1/update-course/Nodejs HTTP/1.1" 400 67 "-" "PostmanRuntime/7.37.3"
::1 - - [10/Apr/2024:09:36:44 +0000] "PATCH /v1/update-course/Nodejs HTTP/1.1" 400 71 "-" "PostmanRuntime/7.37.3"
::1 - - [10/Apr/2024:09:36:46 +0000] "PATCH /v1/update-course/Nodejs HTTP/1.1" 400 71 "-" "PostmanRuntime/7.37.3"
::1 - - [10/Apr/2024:09:37:07 +0000] "PATCH /v1/update-course/Nodejs HTTP/1.1" 500 72 "-" "PostmanRuntime/7.37.3"
::1 - - [10/Apr/2024:09:37:08 +0000] "PATCH /v1/update-course/Nodejs HTTP/1.1" 500 72 "-" "PostmanRuntime/7.37.3"
::1 - - [10/Apr/2024:09:37:32 +0000] "PATCH /v1/update-course/Nodejs HTTP/1.1" 200 48 "-" "PostmanRuntime/7.37.3"
::1 - - [10/Apr/2024:09:37:41 +0000] "PATCH /v1/update-course/Nodejs HTTP/1.1" 200 48 "-" "PostmanRuntime/7.37.3"
::1 - - [10/Apr/2024:09:37:42 +0000] "PATCH /v1/update-course/Nodejs HTTP/1.1" 200 48 "-" "PostmanRuntime/7.37.3"
::1 - - [10/Apr/2024:09:37:49 +0000] "PATCH /v1/update-course/Nodejs%20Vaibhav HTTP/1.1" 400 67 "-" "PostmanRuntime/7.37.3"
::1 - - [10/Apr/2024:09:39:26 +0000] "PATCH /v1/update-course/5 HTTP/1.1" 200 48 "-" "PostmanRuntime/7.37.3"
::1 - - [10/Apr/2024:09:39:28 +0000] "PATCH /v1/update-course/5 HTTP/1.1" 200 48 "-" "PostmanRuntime/7.37.3"
::1 - - [10/Apr/2024:09:40:10 +0000] "PATCH /v1/update-course/5 HTTP/1.1" 200 48 "-" "PostmanRuntime/7.37.3"
::1 - - [10/Apr/2024:09:40:16 +0000] "PATCH /v1/update-course/5 HTTP/1.1" 200 314 "-" "PostmanRuntime/7.37.3"
::1 - - [10/Apr/2024:09:40:20 +0000] "PATCH /v1/update-course/5 HTTP/1.1" 200 314 "-" "PostmanRuntime/7.37.3"
::1 - - [10/Apr/2024:09:40:26 +0000] "PATCH /v1/update-course/5 HTTP/1.1" 200 313 "-" "PostmanRuntime/7.37.3"
::1 - - [10/Apr/2024:09:40:36 +0000] "PATCH /v1/update-course/5 HTTP/1.1" 200 326 "-" "PostmanRuntime/7.37.3"
::1 - - [10/Apr/2024:09:41:04 +0000] "PATCH /v1/update-course/5 HTTP/1.1" 200 48 "-" "PostmanRuntime/7.37.3"
::1 - - [10/Apr/2024:09:42:07 +0000] "DELETE /v1/delete-course/Express/1 HTTP/1.1" 401 53 "-" "PostmanRuntime/7.37.3"
::1 - - [10/Apr/2024:09:42:13 +0000] "DELETE /v1/delete-course/Express/1 HTTP/1.1" 400 67 "-" "PostmanRuntime/7.37.3"
::1 - - [10/Apr/2024:09:42:19 +0000] "DELETE /v1/delete-course/Express/5 HTTP/1.1" 400 67 "-" "PostmanRuntime/7.37.3"
::1 - - [10/Apr/2024:09:42:44 +0000] "DELETE /v1/delete-course/Nodejs/5 HTTP/1.1" 201 52 "-" "PostmanRuntime/7.37.3"
::1 - - [10/Apr/2024:09:42:57 +0000] "POST /v1/createcourses HTTP/1.1" 201 299 "-" "PostmanRuntime/7.37.3"
::1 - - [10/Apr/2024:09:42:59 +0000] "POST /v1/createcourses HTTP/1.1" 400 84 "-" "PostmanRuntime/7.37.3"
::1 - - [10/Apr/2024:09:43:23 +0000] "POST /v1/createcourses HTTP/1.1" 400 100 "-" "PostmanRuntime/7.37.3"
::1 - - [10/Apr/2024:09:43:30 +0000] "POST /v1/createcourses HTTP/1.1" 201 299 "-" "PostmanRuntime/7.37.3"
::1 - - [10/Apr/2024:09:43:36 +0000] "POST /v1/createcourses HTTP/1.1" 201 315 "-" "PostmanRuntime/7.37.3"
::1 - - [10/Apr/2024:09:43:40 +0000] "POST /v1/createcourses HTTP/1.1" 201 320 "-" "PostmanRuntime/7.37.3"
::1 - - [10/Apr/2024:09:45:51 +0000] "GET /v1/user-view/:+919450171279 HTTP/1.1" 500 55 "-" "PostmanRuntime/7.37.3"
::1 - - [10/Apr/2024:09:45:52 +0000] "GET /v1/user-view/:+919450171279 HTTP/1.1" 500 55 "-" "PostmanRuntime/7.37.3"
::1 - - [10/Apr/2024:09:46:27 +0000] "GET /v1/user-view/:+919450171279 HTTP/1.1" 500 55 "-" "PostmanRuntime/7.37.3"
::1 - - [10/Apr/2024:09:47:23 +0000] "GET /v1/user-view/:+919450171279 HTTP/1.1" 500 55 "-" "PostmanRuntime/7.37.3"
::1 - - [10/Apr/2024:09:47:25 +0000] "GET /v1/user-view/:+919450171279 HTTP/1.1" 500 55 "-" "PostmanRuntime/7.37.3"
::1 - - [10/Apr/2024:09:47:26 +0000] "GET /v1/user-view/:+919450171279 HTTP/1.1" 500 55 "-" "PostmanRuntime/7.37.3"
::1 - - [10/Apr/2024:09:48:10 +0000] "GET /v1/user-view/:+919450171279 HTTP/1.1" 500 55 "-" "PostmanRuntime/7.37.3"
::1 - - [10/Apr/2024:09:48:36 +0000] "GET /v1/user-view/:+919450171279 HTTP/1.1" 500 55 "-" "PostmanRuntime/7.37.3"
::1 - - [10/Apr/2024:09:49:32 +0000] "GET /v1/user-view/:+919450171279 HTTP/1.1" 200 230 "-" "PostmanRuntime/7.37.3"
::1 - - [10/Apr/2024:09:49:56 +0000] "GET /v1/user-view/:+919450171279 HTTP/1.1" 200 230 "-" "PostmanRuntime/7.37.3"
::1 - - [10/Apr/2024:09:50:15 +0000] "GET /v1/user-view/:+919450171279 HTTP/1.1" 404 166 "-" "PostmanRuntime/7.37.3"
::1 - - [10/Apr/2024:09:50:25 +0000] "GET /v1/user-view HTTP/1.1" 200 230 "-" "PostmanRuntime/7.37.3"
::1 - - [10/Apr/2024:09:50:33 +0000] "GET /v1/user-view HTTP/1.1" 200 230 "-" "PostmanRuntime/7.37.3"
::1 - - [10/Apr/2024:09:51:46 +0000] "PATCH /v1/update-user HTTP/1.1" 500 55 "-" "PostmanRuntime/7.37.3"
::1 - - [10/Apr/2024:09:51:47 +0000] "PATCH /v1/update-user HTTP/1.1" 500 55 "-" "PostmanRuntime/7.37.3"
::1 - - [10/Apr/2024:09:52:02 +0000] "PATCH /v1/update-user HTTP/1.1" 201 285 "-" "PostmanRuntime/7.37.3"
::1 - - [10/Apr/2024:09:52:07 +0000] "PATCH /v1/update-user HTTP/1.1" 201 287 "-" "PostmanRuntime/7.37.3"
::1 - - [10/Apr/2024:09:52:12 +0000] "PATCH /v1/update-user HTTP/1.1" 201 282 "-" "PostmanRuntime/7.37.3"
::1 - - [10/Apr/2024:09:53:04 +0000] "PATCH /v1/update-user HTTP/1.1" 201 225 "-" "PostmanRuntime/7.37.3"
::1 - - [10/Apr/2024:09:53:09 +0000] "PATCH /v1/update-user HTTP/1.1" 201 225 "-" "PostmanRuntime/7.37.3"
::1 - - [10/Apr/2024:09:54:13 +0000] "PATCH /v1/update-user HTTP/1.1" 201 225 "-" "PostmanRuntime/7.37.3"
::1 - - [10/Apr/2024:09:54:18 +0000] "PATCH /v1/update-user HTTP/1.1" 201 225 "-" "PostmanRuntime/7.37.3"
::1 - - [10/Apr/2024:09:55:18 +0000] "POST /v1/register-course HTTP/1.1" 400 67 "-" "PostmanRuntime/7.37.3"
::1 - - [10/Apr/2024:09:55:26 +0000] "POST /v1/register-course HTTP/1.1" 201 131 "-" "PostmanRuntime/7.37.3"
::1 - - [10/Apr/2024:09:55:55 +0000] "POST /v1/register-course HTTP/1.1" 400 85 "-" "PostmanRuntime/7.37.3"
::1 - - [10/Apr/2024:09:55:58 +0000] "POST /v1/register-course HTTP/1.1" 201 139 "-" "PostmanRuntime/7.37.3"
::1 - - [10/Apr/2024:09:57:02 +0000] "GET /v1/view-registered-course?user_id=1 HTTP/1.1" 201 818 "-" "PostmanRuntime/7.37.3"
::1 - - [10/Apr/2024:10:46:49 +0000] "POST /v1/createcourses HTTP/1.1" 201 319 "-" "PostmanRuntime/7.37.3"
::1 - - [10/Apr/2024:10:47:02 +0000] "POST /v1/createcourses HTTP/1.1" 201 321 "-" "PostmanRuntime/7.37.3"
::1 - - [10/Apr/2024:10:47:04 +0000] "POST /v1/createcourses HTTP/1.1" 201 318 "-" "PostmanRuntime/7.37.3"
::1 - - [10/Apr/2024:10:47:06 +0000] "POST /v1/createcourses HTTP/1.1" 201 317 "-" "PostmanRuntime/7.37.3"
::1 - - [10/Apr/2024:10:47:10 +0000] "POST /v1/createcourses HTTP/1.1" 400 100 "-" "PostmanRuntime/7.37.3"
::1 - - [10/Apr/2024:10:47:12 +0000] "POST /v1/createcourses HTTP/1.1" 201 317 "-" "PostmanRuntime/7.37.3"
::1 - - [10/Apr/2024:10:47:54 +0000] "PATCH /v1/update-course/6 HTTP/1.1" 200 48 "-" "PostmanRuntime/7.37.3"
::1 - - [10/Apr/2024:10:48:37 +0000] "PATCH /v1/update-course/6 HTTP/1.1" 200 48 "-" "PostmanRuntime/7.37.3"
::1 - - [10/Apr/2024:10:49:07 +0000] "PATCH /v1/update-course/6 HTTP/1.1" 200 48 "-" "PostmanRuntime/7.37.3"
::1 - - [10/Apr/2024:10:49:36 +0000] "PATCH /v1/update-course/6 HTTP/1.1" 500 55 "-" "PostmanRuntime/7.37.3"
::1 - - [10/Apr/2024:10:49:38 +0000] "PATCH /v1/update-course/6 HTTP/1.1" 500 55 "-" "PostmanRuntime/7.37.3"
::1 - - [10/Apr/2024:10:49:53 +0000] "PATCH /v1/update-course/6 HTTP/1.1" 500 64 "-" "PostmanRuntime/7.37.3"
::1 - - [10/Apr/2024:10:50:09 +0000] "PATCH /v1/update-course/6 HTTP/1.1" 200 344 "-" "PostmanRuntime/7.37.3"
::1 - - [10/Apr/2024:10:50:43 +0000] "DELETE /v1/delete-course/Nodejs/5 HTTP/1.1" 400 67 "-" "PostmanRuntime/7.37.3"
::1 - - [10/Apr/2024:10:51:06 +0000] "DELETE /v1/delete-course/2odejby%20vaibhav%20sir%20only/6 HTTP/1.1" 201 52 "-" "PostmanRuntime/7.37.3"
::1 - - [10/Apr/2024:10:52:00 +0000] "GET /v1/user-view HTTP/1.1" 200 35 "-" "PostmanRuntime/7.37.3"
::1 - - [10/Apr/2024:10:52:02 +0000] "GET /v1/user-view HTTP/1.1" 200 35 "-" "PostmanRuntime/7.37.3"
::1 - - [10/Apr/2024:10:52:05 +0000] "GET /v1/user-view HTTP/1.1" 200 35 "-" "PostmanRuntime/7.37.3"
::1 - - [10/Apr/2024:10:52:18 +0000] "GET /v1/view-registered-course?user_id=1 HTTP/1.1" 201 36 "-" "PostmanRuntime/7.37.3"
::1 - - [10/Apr/2024:10:52:21 +0000] "GET /v1/view-registered-course?user_id=1 HTTP/1.1" 201 36 "-" "PostmanRuntime/7.37.3"
::1 - - [10/Apr/2024:10:56:43 +0000] "GET /v1/user-view HTTP/1.1" 200 220 "-" "PostmanRuntime/7.37.3"
::1 - - [10/Apr/2024:10:56:56 +0000] "PATCH /v1/update-user HTTP/1.1" 500 74 "-" "PostmanRuntime/7.37.3"
::1 - - [10/Apr/2024:10:57:54 +0000] "PATCH /v1/update-user HTTP/1.1" 500 74 "-" "PostmanRuntime/7.37.3"
::1 - - [10/Apr/2024:10:58:15 +0000] "PATCH /v1/update-user HTTP/1.1" 500 74 "-" "PostmanRuntime/7.37.3"
::1 - - [10/Apr/2024:10:58:48 +0000] "PATCH /v1/update-user HTTP/1.1" 500 111 "-" "PostmanRuntime/7.37.3"
::1 - - [10/Apr/2024:10:58:58 +0000] "PATCH /v1/update-user HTTP/1.1" 201 280 "-" "PostmanRuntime/7.37.3"
::1 - - [10/Apr/2024:10:59:13 +0000] "POST /v1/createcourses HTTP/1.1" 201 317 "-" "PostmanRuntime/7.37.3"
::1 - - [10/Apr/2024:10:59:21 +0000] "POST /v1/register-course HTTP/1.1" 201 138 "-" "PostmanRuntime/7.37.3"
::1 - - [10/Apr/2024:10:59:41 +0000] "GET /v1/view-registered-course HTTP/1.1" 201 425 "-" "PostmanRuntime/7.37.3"
::1 - - [10/Apr/2024:10:59:48 +0000] "GET /v1/view-registered-course?limit=0 HTTP/1.1" 201 36 "-" "PostmanRuntime/7.37.3"
::1 - - [10/Apr/2024:10:59:50 +0000] "GET /v1/view-registered-course?limit=1 HTTP/1.1" 201 425 "-" "PostmanRuntime/7.37.3"
